{"C:\\Users\\david\\Documents\\Coding\\react-node-sql\\server\\server.ts": {"path":"C:\\Users\\david\\Documents\\Coding\\react-node-sql\\server\\server.ts","statementMap":{"0":{"start":{"line":1,"column":0},"end":{"line":1,"column":30}},"1":{"start":{"line":2,"column":0},"end":{"line":2,"column":46}},"2":{"start":{"line":3,"column":0},"end":{"line":3,"column":30}},"3":{"start":{"line":4,"column":0},"end":{"line":4,"column":45}},"4":{"start":{"line":5,"column":0},"end":{"line":5,"column":23}},"5":{"start":{"line":6,"column":0},"end":{"line":6,"column":49}},"6":{"start":{"line":7,"column":0},"end":{"line":7,"column":49}},"7":{"start":{"line":10,"column":13},"end":{"line":10,"column":29}},"8":{"start":{"line":12,"column":0},"end":{"line":12,"column":null}},"9":{"start":{"line":13,"column":0},"end":{"line":13,"column":null}},"10":{"start":{"line":14,"column":0},"end":{"line":14,"column":null}},"11":{"start":{"line":15,"column":0},"end":{"line":15,"column":null}},"12":{"start":{"line":16,"column":0},"end":{"line":16,"column":null}},"13":{"start":{"line":17,"column":0},"end":{"line":17,"column":null}},"14":{"start":{"line":20,"column":0},"end":{"line":25,"column":2}},"15":{"start":{"line":21,"column":1},"end":{"line":21,"column":null}},"16":{"start":{"line":22,"column":1},"end":{"line":22,"column":null}},"17":{"start":{"line":24,"column":1},"end":{"line":24,"column":null}},"18":{"start":{"line":27,"column":1},"end":{"line":31,"column":1}},"19":{"start":{"line":28,"column":4},"end":{"line":30,"column":null}},"20":{"start":{"line":29,"column":1},"end":{"line":29,"column":null}}},"fnMap":{"0":{"name":"(anonymous_1)","decl":{"start":{"line":28,"column":20},"end":{"line":28,"column":23}},"loc":{"start":{"line":28,"column":25},"end":{"line":30,"column":1}}}},"branchMap":{"0":{"loc":{"start":{"line":27,"column":1},"end":{"line":31,"column":1}},"type":"if","locations":[{"start":{"line":27,"column":1},"end":{"line":31,"column":1}}]}},"s":{"0":1,"1":1,"2":1,"3":1,"4":1,"5":1,"6":1,"7":1,"8":1,"9":1,"10":1,"11":1,"12":1,"13":1,"14":1,"15":1,"16":1,"17":0,"18":1,"19":0,"20":0},"f":{"0":0},"b":{"0":[0]}}
,"C:\\Users\\david\\Documents\\Coding\\react-node-sql\\server\\controllers\\AuthController.ts": {"path":"C:\\Users\\david\\Documents\\Coding\\react-node-sql\\server\\controllers\\AuthController.ts","statementMap":{"0":{"start":{"line":1,"column":0},"end":{"line":1,"column":59}},"1":{"start":{"line":2,"column":0},"end":{"line":2,"column":44}},"2":{"start":{"line":3,"column":0},"end":{"line":3,"column":55}},"3":{"start":{"line":5,"column":0},"end":{"line":5,"column":48}},"4":{"start":{"line":11,"column":35},"end":{"line":41,"column":null}},"5":{"start":{"line":11,"column":96},"end":{"line":41,"column":null}},"6":{"start":{"line":12,"column":4},"end":{"line":40,"column":5}},"7":{"start":{"line":13,"column":17},"end":{"line":13,"column":25}},"8":{"start":{"line":14,"column":24},"end":{"line":14,"column":37}},"9":{"start":{"line":15,"column":25},"end":{"line":15,"column":51}},"10":{"start":{"line":16,"column":17},"end":{"line":16,"column":63}},"11":{"start":{"line":17,"column":4},"end":{"line":17,"column":null}},"12":{"start":{"line":18,"column":40},"end":{"line":18,"column":71}},"13":{"start":{"line":20,"column":32},"end":{"line":25,"column":null}},"14":{"start":{"line":30,"column":40},"end":{"line":33,"column":null}},"15":{"start":{"line":35,"column":4},"end":{"line":35,"column":null}},"16":{"start":{"line":38,"column":8},"end":{"line":38,"column":null}},"17":{"start":{"line":39,"column":8},"end":{"line":39,"column":null}},"18":{"start":{"line":11,"column":13},"end":{"line":11,"column":35}},"19":{"start":{"line":43,"column":32},"end":{"line":77,"column":null}},"20":{"start":{"line":43,"column":93},"end":{"line":77,"column":null}},"21":{"start":{"line":44,"column":4},"end":{"line":75,"column":5}},"22":{"start":{"line":46,"column":26},"end":{"line":46,"column":40}},"23":{"start":{"line":47,"column":30},"end":{"line":47,"column":47}},"24":{"start":{"line":48,"column":21},"end":{"line":48,"column":74}},"25":{"start":{"line":50,"column":8},"end":{"line":52,"column":9}},"26":{"start":{"line":51,"column":12},"end":{"line":51,"column":null}},"27":{"start":{"line":53,"column":37},"end":{"line":58,"column":null}},"28":{"start":{"line":59,"column":29},"end":{"line":59,"column":60}},"29":{"start":{"line":60,"column":22},"end":{"line":60,"column":64}},"30":{"start":{"line":62,"column":8},"end":{"line":64,"column":9}},"31":{"start":{"line":63,"column":12},"end":{"line":63,"column":null}},"32":{"start":{"line":67,"column":40},"end":{"line":70,"column":null}},"33":{"start":{"line":71,"column":8},"end":{"line":71,"column":null}},"34":{"start":{"line":74,"column":8},"end":{"line":74,"column":null}},"35":{"start":{"line":43,"column":14},"end":{"line":43,"column":32}}},"fnMap":{"0":{"name":"(anonymous_8)","decl":{"start":{"line":11,"column":35},"end":{"line":11,"column":41}},"loc":{"start":{"line":11,"column":96},"end":{"line":41,"column":null}}},"1":{"name":"(anonymous_9)","decl":{"start":{"line":11,"column":96},"end":{"line":11,"column":null}},"loc":{"start":{"line":11,"column":96},"end":{"line":41,"column":1}}},"2":{"name":"(anonymous_10)","decl":{"start":{"line":43,"column":32},"end":{"line":43,"column":38}},"loc":{"start":{"line":43,"column":93},"end":{"line":77,"column":null}}},"3":{"name":"(anonymous_11)","decl":{"start":{"line":43,"column":93},"end":{"line":43,"column":null}},"loc":{"start":{"line":43,"column":93},"end":{"line":77,"column":1}}}},"branchMap":{"0":{"loc":{"start":{"line":21,"column":12},"end":{"line":21,"column":37}},"type":"cond-expr","locations":[{"start":{"line":21,"column":16},"end":{"line":21,"column":18}},{"start":{"line":21,"column":12},"end":{"line":21,"column":37}}]},"1":{"loc":{"start":{"line":21,"column":12},"end":{"line":21,"column":18}},"type":"binary-expr","locations":[{"start":{"line":21,"column":12},"end":{"line":21,"column":18}},{"start":{"line":21,"column":12},"end":{"line":21,"column":18}}]},"2":{"loc":{"start":{"line":22,"column":14},"end":{"line":22,"column":41}},"type":"cond-expr","locations":[{"start":{"line":22,"column":18},"end":{"line":22,"column":20}},{"start":{"line":22,"column":14},"end":{"line":22,"column":41}}]},"3":{"loc":{"start":{"line":22,"column":14},"end":{"line":22,"column":20}},"type":"binary-expr","locations":[{"start":{"line":22,"column":14},"end":{"line":22,"column":20}},{"start":{"line":22,"column":14},"end":{"line":22,"column":20}}]},"4":{"loc":{"start":{"line":23,"column":15},"end":{"line":23,"column":43}},"type":"cond-expr","locations":[{"start":{"line":23,"column":19},"end":{"line":23,"column":21}},{"start":{"line":23,"column":15},"end":{"line":23,"column":43}}]},"5":{"loc":{"start":{"line":23,"column":15},"end":{"line":23,"column":21}},"type":"binary-expr","locations":[{"start":{"line":23,"column":15},"end":{"line":23,"column":21}},{"start":{"line":23,"column":15},"end":{"line":23,"column":21}}]},"6":{"loc":{"start":{"line":24,"column":13},"end":{"line":24,"column":40}},"type":"cond-expr","locations":[{"start":{"line":24,"column":17},"end":{"line":24,"column":19}},{"start":{"line":24,"column":13},"end":{"line":24,"column":40}}]},"7":{"loc":{"start":{"line":24,"column":13},"end":{"line":24,"column":19}},"type":"binary-expr","locations":[{"start":{"line":24,"column":13},"end":{"line":24,"column":19}},{"start":{"line":24,"column":13},"end":{"line":24,"column":19}}]},"8":{"loc":{"start":{"line":50,"column":8},"end":{"line":52,"column":9}},"type":"if","locations":[{"start":{"line":50,"column":8},"end":{"line":52,"column":9}}]},"9":{"loc":{"start":{"line":54,"column":16},"end":{"line":54,"column":41}},"type":"cond-expr","locations":[{"start":{"line":54,"column":20},"end":{"line":54,"column":22}},{"start":{"line":54,"column":16},"end":{"line":54,"column":41}}]},"10":{"loc":{"start":{"line":54,"column":16},"end":{"line":54,"column":22}},"type":"binary-expr","locations":[{"start":{"line":54,"column":16},"end":{"line":54,"column":22}},{"start":{"line":54,"column":16},"end":{"line":54,"column":22}}]},"11":{"loc":{"start":{"line":55,"column":18},"end":{"line":55,"column":45}},"type":"cond-expr","locations":[{"start":{"line":55,"column":22},"end":{"line":55,"column":24}},{"start":{"line":55,"column":18},"end":{"line":55,"column":45}}]},"12":{"loc":{"start":{"line":55,"column":18},"end":{"line":55,"column":24}},"type":"binary-expr","locations":[{"start":{"line":55,"column":18},"end":{"line":55,"column":24}},{"start":{"line":55,"column":18},"end":{"line":55,"column":24}}]},"13":{"loc":{"start":{"line":56,"column":19},"end":{"line":56,"column":47}},"type":"cond-expr","locations":[{"start":{"line":56,"column":23},"end":{"line":56,"column":25}},{"start":{"line":56,"column":19},"end":{"line":56,"column":47}}]},"14":{"loc":{"start":{"line":56,"column":19},"end":{"line":56,"column":25}},"type":"binary-expr","locations":[{"start":{"line":56,"column":19},"end":{"line":56,"column":25}},{"start":{"line":56,"column":19},"end":{"line":56,"column":25}}]},"15":{"loc":{"start":{"line":57,"column":17},"end":{"line":57,"column":44}},"type":"cond-expr","locations":[{"start":{"line":57,"column":21},"end":{"line":57,"column":23}},{"start":{"line":57,"column":17},"end":{"line":57,"column":44}}]},"16":{"loc":{"start":{"line":57,"column":17},"end":{"line":57,"column":23}},"type":"binary-expr","locations":[{"start":{"line":57,"column":17},"end":{"line":57,"column":23}},{"start":{"line":57,"column":17},"end":{"line":57,"column":23}}]},"17":{"loc":{"start":{"line":59,"column":29},"end":{"line":59,"column":60}},"type":"cond-expr","locations":[{"start":{"line":59,"column":33},"end":{"line":59,"column":35}},{"start":{"line":59,"column":29},"end":{"line":59,"column":60}}]},"18":{"loc":{"start":{"line":59,"column":29},"end":{"line":59,"column":35}},"type":"binary-expr","locations":[{"start":{"line":59,"column":29},"end":{"line":59,"column":35}},{"start":{"line":59,"column":29},"end":{"line":59,"column":35}}]},"19":{"loc":{"start":{"line":62,"column":8},"end":{"line":64,"column":9}},"type":"if","locations":[{"start":{"line":62,"column":8},"end":{"line":64,"column":9}}]}},"s":{"0":1,"1":1,"2":1,"3":1,"4":1,"5":0,"6":0,"7":0,"8":0,"9":0,"10":0,"11":0,"12":0,"13":0,"14":0,"15":0,"16":0,"17":0,"18":1,"19":1,"20":0,"21":0,"22":0,"23":0,"24":0,"25":0,"26":0,"27":0,"28":0,"29":0,"30":0,"31":0,"32":0,"33":0,"34":0,"35":1},"f":{"0":0,"1":0,"2":0,"3":0},"b":{"0":[0,0],"1":[0,0],"2":[0,0],"3":[0,0],"4":[0,0],"5":[0,0],"6":[0,0],"7":[0,0],"8":[0],"9":[0,0],"10":[0,0],"11":[0,0],"12":[0,0],"13":[0,0],"14":[0,0],"15":[0,0],"16":[0,0],"17":[0,0],"18":[0,0],"19":[0]}}
,"C:\\Users\\david\\Documents\\Coding\\react-node-sql\\server\\controllers\\BookController.ts": {"path":"C:\\Users\\david\\Documents\\Coding\\react-node-sql\\server\\controllers\\BookController.ts","statementMap":{"0":{"start":{"line":1,"column":0},"end":{"line":1,"column":43}},"1":{"start":{"line":3,"column":0},"end":{"line":3,"column":55}},"2":{"start":{"line":6,"column":31},"end":{"line":18,"column":null}},"3":{"start":{"line":6,"column":73},"end":{"line":18,"column":null}},"4":{"start":{"line":7,"column":1},"end":{"line":17,"column":5}},"5":{"start":{"line":8,"column":24},"end":{"line":8,"column":40}},"6":{"start":{"line":9,"column":16},"end":{"line":9,"column":72}},"7":{"start":{"line":10,"column":8},"end":{"line":12,"column":11}},"8":{"start":{"line":11,"column":12},"end":{"line":11,"column":78}},"9":{"start":{"line":13,"column":2},"end":{"line":13,"column":44}},"10":{"start":{"line":15,"column":8},"end":{"line":15,"column":null}},"11":{"start":{"line":16,"column":8},"end":{"line":16,"column":null}},"12":{"start":{"line":6,"column":13},"end":{"line":6,"column":31}},"13":{"start":{"line":21,"column":23},"end":{"line":31,"column":null}},"14":{"start":{"line":21,"column":66},"end":{"line":31,"column":null}},"15":{"start":{"line":22,"column":1},"end":{"line":30,"column":5}},"16":{"start":{"line":23,"column":15},"end":{"line":23,"column":72}},"17":{"start":{"line":24,"column":8},"end":{"line":26,"column":11}},"18":{"start":{"line":25,"column":12},"end":{"line":25,"column":null}},"19":{"start":{"line":27,"column":2},"end":{"line":27,"column":null}},"20":{"start":{"line":29,"column":8},"end":{"line":29,"column":null}},"21":{"start":{"line":21,"column":13},"end":{"line":21,"column":23}},"22":{"start":{"line":33,"column":27},"end":{"line":44,"column":null}},"23":{"start":{"line":33,"column":70},"end":{"line":44,"column":null}},"24":{"start":{"line":34,"column":1},"end":{"line":43,"column":5}},"25":{"start":{"line":35,"column":16},"end":{"line":35,"column":41}},"26":{"start":{"line":36,"column":8},"end":{"line":38,"column":11}},"27":{"start":{"line":37,"column":12},"end":{"line":37,"column":78}},"28":{"start":{"line":39,"column":2},"end":{"line":39,"column":30}},"29":{"start":{"line":41,"column":8},"end":{"line":41,"column":null}},"30":{"start":{"line":42,"column":8},"end":{"line":42,"column":null}},"31":{"start":{"line":33,"column":13},"end":{"line":33,"column":27}},"32":{"start":{"line":47,"column":26},"end":{"line":58,"column":null}},"33":{"start":{"line":47,"column":69},"end":{"line":58,"column":null}},"34":{"start":{"line":48,"column":1},"end":{"line":57,"column":5}},"35":{"start":{"line":49,"column":24},"end":{"line":49,"column":40}},"36":{"start":{"line":50,"column":18},"end":{"line":50,"column":53}},"37":{"start":{"line":51,"column":8},"end":{"line":51,"column":null}},"38":{"start":{"line":52,"column":22},"end":{"line":52,"column":50}},"39":{"start":{"line":53,"column":2},"end":{"line":53,"column":null}},"40":{"start":{"line":55,"column":8},"end":{"line":55,"column":null}},"41":{"start":{"line":56,"column":8},"end":{"line":56,"column":null}},"42":{"start":{"line":47,"column":13},"end":{"line":47,"column":26}},"43":{"start":{"line":61,"column":26},"end":{"line":68,"column":null}},"44":{"start":{"line":61,"column":69},"end":{"line":68,"column":null}},"45":{"start":{"line":62,"column":1},"end":{"line":67,"column":5}},"46":{"start":{"line":63,"column":2},"end":{"line":63,"column":null}},"47":{"start":{"line":64,"column":2},"end":{"line":64,"column":null}},"48":{"start":{"line":66,"column":8},"end":{"line":66,"column":50}},"49":{"start":{"line":61,"column":13},"end":{"line":61,"column":26}},"50":{"start":{"line":71,"column":26},"end":{"line":78,"column":null}},"51":{"start":{"line":71,"column":69},"end":{"line":78,"column":null}},"52":{"start":{"line":72,"column":1},"end":{"line":77,"column":5}},"53":{"start":{"line":73,"column":2},"end":{"line":73,"column":null}},"54":{"start":{"line":74,"column":2},"end":{"line":74,"column":null}},"55":{"start":{"line":76,"column":8},"end":{"line":76,"column":null}},"56":{"start":{"line":71,"column":13},"end":{"line":71,"column":26}}},"fnMap":{"0":{"name":"(anonymous_8)","decl":{"start":{"line":6,"column":31},"end":{"line":6,"column":37}},"loc":{"start":{"line":6,"column":73},"end":{"line":18,"column":null}}},"1":{"name":"(anonymous_9)","decl":{"start":{"line":6,"column":73},"end":{"line":6,"column":null}},"loc":{"start":{"line":6,"column":73},"end":{"line":18,"column":1}}},"2":{"name":"(anonymous_10)","decl":{"start":{"line":21,"column":23},"end":{"line":21,"column":30}},"loc":{"start":{"line":21,"column":66},"end":{"line":31,"column":null}}},"3":{"name":"(anonymous_11)","decl":{"start":{"line":21,"column":66},"end":{"line":21,"column":null}},"loc":{"start":{"line":21,"column":66},"end":{"line":31,"column":1}}},"4":{"name":"(anonymous_12)","decl":{"start":{"line":33,"column":27},"end":{"line":33,"column":33}},"loc":{"start":{"line":33,"column":70},"end":{"line":44,"column":null}}},"5":{"name":"(anonymous_13)","decl":{"start":{"line":33,"column":70},"end":{"line":33,"column":null}},"loc":{"start":{"line":33,"column":70},"end":{"line":44,"column":1}}},"6":{"name":"(anonymous_14)","decl":{"start":{"line":47,"column":26},"end":{"line":47,"column":33}},"loc":{"start":{"line":47,"column":69},"end":{"line":58,"column":null}}},"7":{"name":"(anonymous_15)","decl":{"start":{"line":47,"column":69},"end":{"line":47,"column":null}},"loc":{"start":{"line":47,"column":69},"end":{"line":58,"column":1}}},"8":{"name":"(anonymous_16)","decl":{"start":{"line":61,"column":26},"end":{"line":61,"column":33}},"loc":{"start":{"line":61,"column":69},"end":{"line":68,"column":null}}},"9":{"name":"(anonymous_17)","decl":{"start":{"line":61,"column":69},"end":{"line":61,"column":null}},"loc":{"start":{"line":61,"column":69},"end":{"line":68,"column":1}}},"10":{"name":"(anonymous_18)","decl":{"start":{"line":71,"column":26},"end":{"line":71,"column":33}},"loc":{"start":{"line":71,"column":69},"end":{"line":78,"column":null}}},"11":{"name":"(anonymous_19)","decl":{"start":{"line":71,"column":69},"end":{"line":71,"column":null}},"loc":{"start":{"line":71,"column":69},"end":{"line":78,"column":1}}}},"branchMap":{"0":{"loc":{"start":{"line":10,"column":8},"end":{"line":12,"column":11}},"type":"if","locations":[{"start":{"line":10,"column":8},"end":{"line":12,"column":11}}]},"1":{"loc":{"start":{"line":24,"column":8},"end":{"line":26,"column":11}},"type":"if","locations":[{"start":{"line":24,"column":8},"end":{"line":26,"column":11}}]},"2":{"loc":{"start":{"line":36,"column":8},"end":{"line":38,"column":11}},"type":"if","locations":[{"start":{"line":36,"column":8},"end":{"line":38,"column":11}}]}},"s":{"0":1,"1":1,"2":1,"3":0,"4":0,"5":0,"6":0,"7":0,"8":0,"9":0,"10":0,"11":0,"12":1,"13":1,"14":0,"15":0,"16":0,"17":0,"18":0,"19":0,"20":0,"21":1,"22":1,"23":0,"24":0,"25":0,"26":0,"27":0,"28":0,"29":0,"30":0,"31":1,"32":1,"33":0,"34":0,"35":0,"36":0,"37":0,"38":0,"39":0,"40":0,"41":0,"42":1,"43":1,"44":0,"45":0,"46":0,"47":0,"48":0,"49":1,"50":1,"51":0,"52":0,"53":0,"54":0,"55":0,"56":1},"f":{"0":0,"1":0,"2":0,"3":0,"4":0,"5":0,"6":0,"7":0,"8":0,"9":0,"10":0,"11":0},"b":{"0":[0],"1":[0],"2":[0]}}
,"C:\\Users\\david\\Documents\\Coding\\react-node-sql\\server\\controllers\\FileController.ts": {"path":"C:\\Users\\david\\Documents\\Coding\\react-node-sql\\server\\controllers\\FileController.ts","statementMap":{"0":{"start":{"line":1,"column":0},"end":{"line":1,"column":43}},"1":{"start":{"line":2,"column":0},"end":{"line":2,"column":54}},"2":{"start":{"line":7,"column":0},"end":{"line":7,"column":45}},"3":{"start":{"line":14,"column":19},"end":{"line":14,"column":44}},"4":{"start":{"line":16,"column":24},"end":{"line":23,"column":null}},"5":{"start":{"line":16,"column":87},"end":{"line":23,"column":null}},"6":{"start":{"line":17,"column":4},"end":{"line":22,"column":5}},"7":{"start":{"line":18,"column":17},"end":{"line":18,"column":44}},"8":{"start":{"line":19,"column":4},"end":{"line":19,"column":null}},"9":{"start":{"line":21,"column":4},"end":{"line":21,"column":null}},"10":{"start":{"line":16,"column":13},"end":{"line":16,"column":24}},"11":{"start":{"line":25,"column":23},"end":{"line":34,"column":null}},"12":{"start":{"line":25,"column":85},"end":{"line":34,"column":null}},"13":{"start":{"line":26,"column":4},"end":{"line":33,"column":1}},"14":{"start":{"line":28,"column":22},"end":{"line":28,"column":79}},"15":{"start":{"line":30,"column":4},"end":{"line":30,"column":null}},"16":{"start":{"line":32,"column":4},"end":{"line":32,"column":null}},"17":{"start":{"line":25,"column":13},"end":{"line":25,"column":23}},"18":{"start":{"line":36,"column":26},"end":{"line":53,"column":null}},"19":{"start":{"line":36,"column":88},"end":{"line":53,"column":null}},"20":{"start":{"line":37,"column":4},"end":{"line":52,"column":5}},"21":{"start":{"line":38,"column":32},"end":{"line":38,"column":35}},"22":{"start":{"line":39,"column":20},"end":{"line":39,"column":32}},"23":{"start":{"line":41,"column":21},"end":{"line":45,"column":null}},"24":{"start":{"line":46,"column":4},"end":{"line":46,"column":null}},"25":{"start":{"line":47,"column":17},"end":{"line":47,"column":49}},"26":{"start":{"line":48,"column":4},"end":{"line":48,"column":null}},"27":{"start":{"line":50,"column":8},"end":{"line":50,"column":null}},"28":{"start":{"line":51,"column":8},"end":{"line":51,"column":null}},"29":{"start":{"line":36,"column":13},"end":{"line":36,"column":26}},"30":{"start":{"line":56,"column":26},"end":{"line":75,"column":null}},"31":{"start":{"line":56,"column":88},"end":{"line":75,"column":null}},"32":{"start":{"line":58,"column":4},"end":{"line":74,"column":5}},"33":{"start":{"line":59,"column":30},"end":{"line":59,"column":40}},"34":{"start":{"line":60,"column":25},"end":{"line":60,"column":52}},"35":{"start":{"line":61,"column":31},"end":{"line":61,"column":82}},"36":{"start":{"line":62,"column":35},"end":{"line":62,"column":43}},"37":{"start":{"line":63,"column":25},"end":{"line":63,"column":52}},"38":{"start":{"line":65,"column":27},"end":{"line":68,"column":12}},"39":{"start":{"line":70,"column":8},"end":{"line":70,"column":null}},"40":{"start":{"line":72,"column":8},"end":{"line":72,"column":null}},"41":{"start":{"line":73,"column":8},"end":{"line":73,"column":null}},"42":{"start":{"line":56,"column":13},"end":{"line":56,"column":26}}},"fnMap":{"0":{"name":"(anonymous_8)","decl":{"start":{"line":16,"column":24},"end":{"line":16,"column":30}},"loc":{"start":{"line":16,"column":87},"end":{"line":23,"column":null}}},"1":{"name":"(anonymous_9)","decl":{"start":{"line":16,"column":87},"end":{"line":16,"column":null}},"loc":{"start":{"line":16,"column":87},"end":{"line":23,"column":1}}},"2":{"name":"(anonymous_10)","decl":{"start":{"line":25,"column":23},"end":{"line":25,"column":29}},"loc":{"start":{"line":25,"column":85},"end":{"line":34,"column":null}}},"3":{"name":"(anonymous_11)","decl":{"start":{"line":25,"column":85},"end":{"line":25,"column":null}},"loc":{"start":{"line":25,"column":85},"end":{"line":34,"column":1}}},"4":{"name":"(anonymous_12)","decl":{"start":{"line":36,"column":26},"end":{"line":36,"column":32}},"loc":{"start":{"line":36,"column":88},"end":{"line":53,"column":null}}},"5":{"name":"(anonymous_13)","decl":{"start":{"line":36,"column":88},"end":{"line":36,"column":null}},"loc":{"start":{"line":36,"column":88},"end":{"line":53,"column":1}}},"6":{"name":"(anonymous_14)","decl":{"start":{"line":56,"column":26},"end":{"line":56,"column":32}},"loc":{"start":{"line":56,"column":88},"end":{"line":75,"column":null}}},"7":{"name":"(anonymous_15)","decl":{"start":{"line":56,"column":88},"end":{"line":56,"column":null}},"loc":{"start":{"line":56,"column":88},"end":{"line":75,"column":1}}}},"branchMap":{},"s":{"0":1,"1":1,"2":1,"3":1,"4":1,"5":0,"6":0,"7":0,"8":0,"9":0,"10":1,"11":1,"12":0,"13":0,"14":0,"15":0,"16":0,"17":1,"18":1,"19":0,"20":0,"21":0,"22":0,"23":0,"24":0,"25":0,"26":0,"27":0,"28":0,"29":1,"30":1,"31":0,"32":0,"33":0,"34":0,"35":0,"36":0,"37":0,"38":0,"39":0,"40":0,"41":0,"42":1},"f":{"0":0,"1":0,"2":0,"3":0,"4":0,"5":0,"6":0,"7":0},"b":{}}
,"C:\\Users\\david\\Documents\\Coding\\react-node-sql\\server\\controllers\\UserController.ts": {"path":"C:\\Users\\david\\Documents\\Coding\\react-node-sql\\server\\controllers\\UserController.ts","statementMap":{"0":{"start":{"line":2,"column":0},"end":{"line":2,"column":44}},"1":{"start":{"line":4,"column":23},"end":{"line":30,"column":null}},"2":{"start":{"line":7,"column":22},"end":{"line":7,"column":47}},"3":{"start":{"line":8,"column":8},"end":{"line":8,"column":null}},"4":{"start":{"line":11,"column":30},"end":{"line":11,"column":43}},"5":{"start":{"line":13,"column":8},"end":{"line":13,"column":null}},"6":{"start":{"line":14,"column":21},"end":{"line":14,"column":53}},"7":{"start":{"line":15,"column":8},"end":{"line":15,"column":null}},"8":{"start":{"line":19,"column":23},"end":{"line":19,"column":36}},"9":{"start":{"line":20,"column":25},"end":{"line":20,"column":33}},"10":{"start":{"line":21,"column":23},"end":{"line":21,"column":77}},"11":{"start":{"line":22,"column":8},"end":{"line":22,"column":null}},"12":{"start":{"line":26,"column":23},"end":{"line":26,"column":36}},"13":{"start":{"line":27,"column":23},"end":{"line":27,"column":67}},"14":{"start":{"line":28,"column":8},"end":{"line":28,"column":null}},"15":{"start":{"line":32,"column":0},"end":{"line":32,"column":null}}},"fnMap":{"0":{"name":"(anonymous_8)","decl":{"start":{"line":6,"column":10},"end":{"line":6,"column":18}},"loc":{"start":{"line":6,"column":51},"end":{"line":9,"column":null}}},"1":{"name":"(anonymous_10)","decl":{"start":{"line":10,"column":10},"end":{"line":10,"column":17}},"loc":{"start":{"line":10,"column":47},"end":{"line":16,"column":null}}},"2":{"name":"(anonymous_12)","decl":{"start":{"line":18,"column":10},"end":{"line":18,"column":20}},"loc":{"start":{"line":18,"column":50},"end":{"line":23,"column":null}}},"3":{"name":"(anonymous_14)","decl":{"start":{"line":25,"column":10},"end":{"line":25,"column":20}},"loc":{"start":{"line":25,"column":50},"end":{"line":29,"column":null}}}},"branchMap":{},"s":{"0":1,"1":1,"2":0,"3":0,"4":0,"5":0,"6":0,"7":0,"8":0,"9":0,"10":0,"11":0,"12":0,"13":0,"14":0,"15":1},"f":{"0":0,"1":0,"2":0,"3":0},"b":{}}
,"C:\\Users\\david\\Documents\\Coding\\react-node-sql\\server\\database\\db.ts": {"path":"C:\\Users\\david\\Documents\\Coding\\react-node-sql\\server\\database\\db.ts","statementMap":{"0":{"start":{"line":1,"column":0},"end":{"line":1,"column":38}},"1":{"start":{"line":2,"column":0},"end":{"line":2,"column":92}},"2":{"start":{"line":3,"column":16},"end":{"line":3,"column":62}},"3":{"start":{"line":5,"column":11},"end":{"line":11,"column":2}},"4":{"start":{"line":13,"column":0},"end":{"line":13,"column":18}}},"fnMap":{},"branchMap":{"0":{"loc":{"start":{"line":3,"column":16},"end":{"line":3,"column":62}},"type":"cond-expr","locations":[{"start":{"line":3,"column":37},"end":{"line":3,"column":49}},{"start":{"line":3,"column":51},"end":{"line":3,"column":62}}]}},"s":{"0":1,"1":1,"2":1,"3":1,"4":1},"f":{},"b":{"0":[1,0]}}
,"C:\\Users\\david\\Documents\\Coding\\react-node-sql\\server\\middleware\\authMiddleware.ts": {"path":"C:\\Users\\david\\Documents\\Coding\\react-node-sql\\server\\middleware\\authMiddleware.ts","statementMap":{"0":{"start":{"line":1,"column":0},"end":{"line":1,"column":54}},"1":{"start":{"line":2,"column":0},"end":{"line":2,"column":48}},"2":{"start":{"line":3,"column":0},"end":{"line":3,"column":46}},"3":{"start":{"line":6,"column":30},"end":{"line":37,"column":null}},"4":{"start":{"line":6,"column":88},"end":{"line":37,"column":null}},"5":{"start":{"line":7,"column":4},"end":{"line":36,"column":5}},"6":{"start":{"line":9,"column":8},"end":{"line":12,"column":9}},"7":{"start":{"line":10,"column":12},"end":{"line":10,"column":54}},"8":{"start":{"line":11,"column":12},"end":{"line":11,"column":18}},"9":{"start":{"line":14,"column":22},"end":{"line":14,"column":64}},"10":{"start":{"line":17,"column":32},"end":{"line":17,"column":56}},"11":{"start":{"line":18,"column":32},"end":{"line":18,"column":44}},"12":{"start":{"line":20,"column":8},"end":{"line":22,"column":9}},"13":{"start":{"line":21,"column":12},"end":{"line":21,"column":56}},"14":{"start":{"line":28,"column":21},"end":{"line":28,"column":60}},"15":{"start":{"line":29,"column":8},"end":{"line":29,"column":null}},"16":{"start":{"line":32,"column":8},"end":{"line":32,"column":null}},"17":{"start":{"line":35,"column":8},"end":{"line":35,"column":null}},"18":{"start":{"line":6,"column":13},"end":{"line":6,"column":30}}},"fnMap":{"0":{"name":"(anonymous_8)","decl":{"start":{"line":6,"column":30},"end":{"line":6,"column":36}},"loc":{"start":{"line":6,"column":88},"end":{"line":37,"column":null}}},"1":{"name":"(anonymous_9)","decl":{"start":{"line":6,"column":88},"end":{"line":6,"column":null}},"loc":{"start":{"line":6,"column":88},"end":{"line":37,"column":1}}}},"branchMap":{"0":{"loc":{"start":{"line":9,"column":8},"end":{"line":12,"column":9}},"type":"if","locations":[{"start":{"line":9,"column":8},"end":{"line":12,"column":9}}]},"1":{"loc":{"start":{"line":20,"column":8},"end":{"line":22,"column":9}},"type":"if","locations":[{"start":{"line":20,"column":8},"end":{"line":22,"column":9}}]}},"s":{"0":1,"1":1,"2":1,"3":1,"4":0,"5":0,"6":0,"7":0,"8":0,"9":0,"10":0,"11":0,"12":0,"13":0,"14":0,"15":0,"16":0,"17":0,"18":1},"f":{"0":0,"1":0},"b":{"0":[0],"1":[0]}}
,"C:\\Users\\david\\Documents\\Coding\\react-node-sql\\server\\middleware\\rolMiddleware.ts": {"path":"C:\\Users\\david\\Documents\\Coding\\react-node-sql\\server\\middleware\\rolMiddleware.ts","statementMap":{"0":{"start":{"line":1,"column":0},"end":{"line":1,"column":55}},"1":{"start":{"line":4,"column":24},"end":{"line":20,"column":1}},"2":{"start":{"line":4,"column":45},"end":{"line":20,"column":1}},"3":{"start":{"line":5,"column":4},"end":{"line":17,"column":5}},"4":{"start":{"line":6,"column":25},"end":{"line":6,"column":33}},"5":{"start":{"line":8,"column":28},"end":{"line":8,"column":37}},"6":{"start":{"line":9,"column":30},"end":{"line":9,"column":89}},"7":{"start":{"line":9,"column":57},"end":{"line":9,"column":88}},"8":{"start":{"line":11,"column":8},"end":{"line":13,"column":9}},"9":{"start":{"line":12,"column":12},"end":{"line":12,"column":null}},"10":{"start":{"line":16,"column":8},"end":{"line":16,"column":null}},"11":{"start":{"line":18,"column":4},"end":{"line":18,"column":11}},"12":{"start":{"line":4,"column":13},"end":{"line":4,"column":24}}},"fnMap":{"0":{"name":"(anonymous_0)","decl":{"start":{"line":4,"column":24},"end":{"line":4,"column":25}},"loc":{"start":{"line":4,"column":45},"end":{"line":20,"column":1}}},"1":{"name":"(anonymous_1)","decl":{"start":{"line":4,"column":45},"end":{"line":4,"column":46}},"loc":{"start":{"line":4,"column":98},"end":{"line":20,"column":1}}},"2":{"name":"(anonymous_2)","decl":{"start":{"line":9,"column":42},"end":{"line":9,"column":43}},"loc":{"start":{"line":9,"column":57},"end":{"line":9,"column":88}}}},"branchMap":{"0":{"loc":{"start":{"line":11,"column":8},"end":{"line":13,"column":9}},"type":"if","locations":[{"start":{"line":11,"column":8},"end":{"line":13,"column":9}}]}},"s":{"0":1,"1":1,"2":14,"3":0,"4":0,"5":0,"6":0,"7":0,"8":0,"9":0,"10":0,"11":0,"12":1},"f":{"0":14,"1":0,"2":0},"b":{"0":[0]}}
,"C:\\Users\\david\\Documents\\Coding\\react-node-sql\\server\\models\\BookModel.ts": {"path":"C:\\Users\\david\\Documents\\Coding\\react-node-sql\\server\\models\\BookModel.ts","statementMap":{"0":{"start":{"line":1,"column":0},"end":{"line":1,"column":32}},"1":{"start":{"line":2,"column":0},"end":{"line":2,"column":45}},"2":{"start":{"line":13,"column":18},"end":{"line":70,"column":2}},"3":{"start":{"line":76,"column":0},"end":{"line":76,"column":null}}},"fnMap":{},"branchMap":{},"s":{"0":1,"1":1,"2":1,"3":1},"f":{},"b":{}}
,"C:\\Users\\david\\Documents\\Coding\\react-node-sql\\server\\models\\FileModel.ts": {"path":"C:\\Users\\david\\Documents\\Coding\\react-node-sql\\server\\models\\FileModel.ts","statementMap":{"0":{"start":{"line":1,"column":0},"end":{"line":1,"column":32}},"1":{"start":{"line":2,"column":0},"end":{"line":2,"column":45}},"2":{"start":{"line":8,"column":18},"end":{"line":31,"column":2}},"3":{"start":{"line":34,"column":0},"end":{"line":34,"column":null}}},"fnMap":{},"branchMap":{},"s":{"0":1,"1":1,"2":1,"3":1},"f":{},"b":{}}
,"C:\\Users\\david\\Documents\\Coding\\react-node-sql\\server\\models\\UserModel.ts": {"path":"C:\\Users\\david\\Documents\\Coding\\react-node-sql\\server\\models\\UserModel.ts","statementMap":{"0":{"start":{"line":1,"column":0},"end":{"line":1,"column":32}},"1":{"start":{"line":2,"column":0},"end":{"line":2,"column":38}},"2":{"start":{"line":5,"column":13},"end":{"line":48,"column":3}},"3":{"start":{"line":49,"column":0},"end":{"line":52,"column":5}},"4":{"start":{"line":49,"column":12},"end":{"line":52,"column":2}},"5":{"start":{"line":50,"column":4},"end":{"line":50,"column":20}},"6":{"start":{"line":51,"column":4},"end":{"line":51,"column":62}},"7":{"start":{"line":54,"column":0},"end":{"line":54,"column":null}}},"fnMap":{"0":{"name":"(anonymous_8)","decl":{"start":{"line":49,"column":1},"end":{"line":49,"column":10}},"loc":{"start":{"line":49,"column":12},"end":{"line":52,"column":2}}},"1":{"name":"(anonymous_9)","decl":{"start":{"line":49,"column":12},"end":{"line":49,"column":null}},"loc":{"start":{"line":49,"column":12},"end":{"line":52,"column":1}}}},"branchMap":{},"s":{"0":1,"1":1,"2":1,"3":1,"4":1,"5":1,"6":0,"7":1},"f":{"0":1,"1":1},"b":{}}
,"C:\\Users\\david\\Documents\\Coding\\react-node-sql\\server\\routes\\BookRouter.ts": {"path":"C:\\Users\\david\\Documents\\Coding\\react-node-sql\\server\\routes\\BookRouter.ts","statementMap":{"0":{"start":{"line":1,"column":0},"end":{"line":1,"column":31}},"1":{"start":{"line":2,"column":0},"end":{"line":2,"column":122}},"2":{"start":{"line":5,"column":0},"end":{"line":5,"column":62}},"3":{"start":{"line":6,"column":0},"end":{"line":6,"column":55}},"4":{"start":{"line":8,"column":13},"end":{"line":8,"column":43}},"5":{"start":{"line":12,"column":0},"end":{"line":12,"column":null}},"6":{"start":{"line":13,"column":0},"end":{"line":13,"column":null}},"7":{"start":{"line":14,"column":0},"end":{"line":14,"column":null}},"8":{"start":{"line":15,"column":0},"end":{"line":15,"column":null}},"9":{"start":{"line":16,"column":0},"end":{"line":16,"column":null}},"10":{"start":{"line":17,"column":0},"end":{"line":17,"column":null}}},"fnMap":{},"branchMap":{},"s":{"0":1,"1":1,"2":1,"3":1,"4":1,"5":1,"6":1,"7":1,"8":1,"9":1,"10":1},"f":{},"b":{}}
,"C:\\Users\\david\\Documents\\Coding\\react-node-sql\\server\\routes\\FileRouter.ts": {"path":"C:\\Users\\david\\Documents\\Coding\\react-node-sql\\server\\routes\\FileRouter.ts","statementMap":{"0":{"start":{"line":1,"column":0},"end":{"line":1,"column":29}},"1":{"start":{"line":2,"column":0},"end":{"line":2,"column":55}},"2":{"start":{"line":3,"column":0},"end":{"line":3,"column":90}},"3":{"start":{"line":5,"column":0},"end":{"line":5,"column":62}},"4":{"start":{"line":6,"column":0},"end":{"line":6,"column":55}},"5":{"start":{"line":8,"column":13},"end":{"line":8,"column":43}},"6":{"start":{"line":10,"column":0},"end":{"line":10,"column":null}},"7":{"start":{"line":11,"column":0},"end":{"line":11,"column":null}},"8":{"start":{"line":12,"column":0},"end":{"line":12,"column":null}},"9":{"start":{"line":13,"column":0},"end":{"line":13,"column":82}}},"fnMap":{},"branchMap":{},"s":{"0":1,"1":1,"2":1,"3":1,"4":1,"5":1,"6":1,"7":1,"8":1,"9":1},"f":{},"b":{}}
,"C:\\Users\\david\\Documents\\Coding\\react-node-sql\\server\\routes\\UserRouter.ts": {"path":"C:\\Users\\david\\Documents\\Coding\\react-node-sql\\server\\routes\\UserRouter.ts","statementMap":{"0":{"start":{"line":1,"column":0},"end":{"line":1,"column":32}},"1":{"start":{"line":2,"column":0},"end":{"line":2,"column":58}},"2":{"start":{"line":3,"column":0},"end":{"line":3,"column":84}},"3":{"start":{"line":4,"column":0},"end":{"line":4,"column":62}},"4":{"start":{"line":5,"column":0},"end":{"line":5,"column":55}},"5":{"start":{"line":8,"column":19},"end":{"line":8,"column":27}},"6":{"start":{"line":10,"column":0},"end":{"line":10,"column":49}},"7":{"start":{"line":11,"column":0},"end":{"line":11,"column":43}},"8":{"start":{"line":13,"column":0},"end":{"line":13,"column":86}},"9":{"start":{"line":14,"column":0},"end":{"line":14,"column":88}},"10":{"start":{"line":15,"column":0},"end":{"line":15,"column":94}},"11":{"start":{"line":16,"column":0},"end":{"line":16,"column":95}},"12":{"start":{"line":18,"column":0},"end":{"line":18,"column":26}}},"fnMap":{},"branchMap":{},"s":{"0":1,"1":1,"2":1,"3":1,"4":1,"5":1,"6":1,"7":1,"8":1,"9":1,"10":1,"11":1,"12":1},"f":{},"b":{}}
,"C:\\Users\\david\\Documents\\Coding\\react-node-sql\\server\\utils\\HandleFile.ts": {"path":"C:\\Users\\david\\Documents\\Coding\\react-node-sql\\server\\utils\\HandleFile.ts","statementMap":{"0":{"start":{"line":1,"column":0},"end":{"line":1,"column":27}},"1":{"start":{"line":3,"column":16},"end":{"line":15,"column":2}},"2":{"start":{"line":6,"column":28},"end":{"line":6,"column":53}},"3":{"start":{"line":7,"column":8},"end":{"line":7,"column":null}},"4":{"start":{"line":10,"column":26},"end":{"line":10,"column":60}},"5":{"start":{"line":11,"column":25},"end":{"line":11,"column":58}},"6":{"start":{"line":12,"column":8},"end":{"line":12,"column":null}},"7":{"start":{"line":17,"column":13},"end":{"line":17,"column":50}}},"fnMap":{"0":{"name":"(anonymous_1)","decl":{"start":{"line":5,"column":17},"end":{"line":5,"column":27}},"loc":{"start":{"line":5,"column":42},"end":{"line":8,"column":5}}},"1":{"name":"(anonymous_2)","decl":{"start":{"line":9,"column":14},"end":{"line":9,"column":23}},"loc":{"start":{"line":9,"column":37},"end":{"line":14,"column":5}}}},"branchMap":{},"s":{"0":1,"1":1,"2":0,"3":0,"4":0,"5":0,"6":0,"7":1},"f":{"0":0,"1":0},"b":{}}
,"C:\\Users\\david\\Documents\\Coding\\react-node-sql\\server\\utils\\config.ts": {"path":"C:\\Users\\david\\Documents\\Coding\\react-node-sql\\server\\utils\\config.ts","statementMap":{"0":{"start":{"line":1,"column":0},"end":{"line":1,"column":32}},"1":{"start":{"line":3,"column":0},"end":{"line":3,"column":9}},"2":{"start":{"line":5,"column":13},"end":{"line":5,"column":51}},"3":{"start":{"line":6,"column":13},"end":{"line":6,"column":60}},"4":{"start":{"line":7,"column":13},"end":{"line":7,"column":null}},"5":{"start":{"line":8,"column":13},"end":{"line":8,"column":null}},"6":{"start":{"line":9,"column":13},"end":{"line":9,"column":null}},"7":{"start":{"line":10,"column":13},"end":{"line":10,"column":null}},"8":{"start":{"line":11,"column":13},"end":{"line":11,"column":null}},"9":{"start":{"line":12,"column":13},"end":{"line":12,"column":null}}},"fnMap":{},"branchMap":{"0":{"loc":{"start":{"line":5,"column":26},"end":{"line":5,"column":50}},"type":"binary-expr","locations":[{"start":{"line":5,"column":26},"end":{"line":5,"column":42}},{"start":{"line":5,"column":46},"end":{"line":5,"column":50}}]}},"s":{"0":1,"1":1,"2":1,"3":1,"4":1,"5":1,"6":1,"7":1,"8":1,"9":1},"f":{},"b":{"0":[1,0]}}
,"C:\\Users\\david\\Documents\\Coding\\react-node-sql\\server\\utils\\handleError.ts": {"path":"C:\\Users\\david\\Documents\\Coding\\react-node-sql\\server\\utils\\handleError.ts","statementMap":{"0":{"start":{"line":3,"column":31},"end":{"line":6,"column":1}},"1":{"start":{"line":4,"column":4},"end":{"line":4,"column":21}},"2":{"start":{"line":5,"column":4},"end":{"line":5,"column":null}},"3":{"start":{"line":3,"column":13},"end":{"line":3,"column":31}}},"fnMap":{"0":{"name":"(anonymous_0)","decl":{"start":{"line":3,"column":31},"end":{"line":3,"column":32}},"loc":{"start":{"line":3,"column":98},"end":{"line":6,"column":1}}}},"branchMap":{"0":{"loc":{"start":{"line":3,"column":47},"end":{"line":3,"column":82}},"type":"default-arg","locations":[{"start":{"line":3,"column":57},"end":{"line":3,"column":82}}]},"1":{"loc":{"start":{"line":3,"column":84},"end":{"line":3,"column":94}},"type":"default-arg","locations":[{"start":{"line":3,"column":91},"end":{"line":3,"column":94}}]}},"s":{"0":1,"1":0,"2":0,"3":1},"f":{"0":0},"b":{"0":[0],"1":[0]}}
,"C:\\Users\\david\\Documents\\Coding\\react-node-sql\\server\\utils\\handlePassword.ts": {"path":"C:\\Users\\david\\Documents\\Coding\\react-node-sql\\server\\utils\\handlePassword.ts","statementMap":{"0":{"start":{"line":1,"column":0},"end":{"line":1,"column":29}},"1":{"start":{"line":4,"column":24},"end":{"line":7,"column":null}},"2":{"start":{"line":4,"column":56},"end":{"line":7,"column":null}},"3":{"start":{"line":5,"column":26},"end":{"line":5,"column":62}},"4":{"start":{"line":6,"column":4},"end":{"line":6,"column":null}},"5":{"start":{"line":4,"column":13},"end":{"line":4,"column":24}},"6":{"start":{"line":10,"column":23},"end":{"line":12,"column":null}},"7":{"start":{"line":10,"column":78},"end":{"line":12,"column":null}},"8":{"start":{"line":11,"column":5},"end":{"line":11,"column":null}},"9":{"start":{"line":10,"column":13},"end":{"line":10,"column":23}}},"fnMap":{"0":{"name":"(anonymous_8)","decl":{"start":{"line":4,"column":24},"end":{"line":4,"column":30}},"loc":{"start":{"line":4,"column":56},"end":{"line":7,"column":null}}},"1":{"name":"(anonymous_9)","decl":{"start":{"line":4,"column":56},"end":{"line":4,"column":null}},"loc":{"start":{"line":4,"column":56},"end":{"line":7,"column":1}}},"2":{"name":"(anonymous_10)","decl":{"start":{"line":10,"column":23},"end":{"line":10,"column":29}},"loc":{"start":{"line":10,"column":78},"end":{"line":12,"column":null}}},"3":{"name":"(anonymous_11)","decl":{"start":{"line":10,"column":78},"end":{"line":10,"column":null}},"loc":{"start":{"line":10,"column":78},"end":{"line":12,"column":2}}}},"branchMap":{},"s":{"0":1,"1":1,"2":0,"3":0,"4":0,"5":1,"6":1,"7":0,"8":0,"9":1},"f":{"0":0,"1":0,"2":0,"3":0},"b":{}}
,"C:\\Users\\david\\Documents\\Coding\\react-node-sql\\server\\utils\\handlejwt.ts": {"path":"C:\\Users\\david\\Documents\\Coding\\react-node-sql\\server\\utils\\handlejwt.ts","statementMap":{"0":{"start":{"line":1,"column":0},"end":{"line":1,"column":30}},"1":{"start":{"line":2,"column":0},"end":{"line":2,"column":37}},"2":{"start":{"line":5,"column":25},"end":{"line":18,"column":null}},"3":{"start":{"line":5,"column":46},"end":{"line":18,"column":null}},"4":{"start":{"line":6,"column":17},"end":{"line":14,"column":null}},"5":{"start":{"line":16,"column":4},"end":{"line":16,"column":null}},"6":{"start":{"line":5,"column":13},"end":{"line":5,"column":25}},"7":{"start":{"line":20,"column":27},"end":{"line":27,"column":null}},"8":{"start":{"line":20,"column":51},"end":{"line":27,"column":null}},"9":{"start":{"line":21,"column":4},"end":{"line":25,"column":5}},"10":{"start":{"line":22,"column":4},"end":{"line":22,"column":null}},"11":{"start":{"line":24,"column":8},"end":{"line":24,"column":null}},"12":{"start":{"line":20,"column":13},"end":{"line":20,"column":27}}},"fnMap":{"0":{"name":"(anonymous_8)","decl":{"start":{"line":5,"column":25},"end":{"line":5,"column":32}},"loc":{"start":{"line":5,"column":46},"end":{"line":18,"column":null}}},"1":{"name":"(anonymous_9)","decl":{"start":{"line":5,"column":46},"end":{"line":5,"column":null}},"loc":{"start":{"line":5,"column":46},"end":{"line":18,"column":1}}},"2":{"name":"(anonymous_10)","decl":{"start":{"line":20,"column":27},"end":{"line":20,"column":34}},"loc":{"start":{"line":20,"column":51},"end":{"line":27,"column":null}}},"3":{"name":"(anonymous_11)","decl":{"start":{"line":20,"column":51},"end":{"line":20,"column":null}},"loc":{"start":{"line":20,"column":51},"end":{"line":27,"column":1}}}},"branchMap":{},"s":{"0":1,"1":1,"2":1,"3":0,"4":0,"5":0,"6":1,"7":1,"8":0,"9":0,"10":0,"11":0,"12":1},"f":{"0":0,"1":0,"2":0,"3":0},"b":{}}
}
