TN:
SF:server.ts
FN:28,(anonymous_1)
FNF:1
FNH:0
FNDA:0,(anonymous_1)
DA:1,1
DA:2,1
DA:3,1
DA:4,1
DA:5,1
DA:6,1
DA:7,1
DA:10,1
DA:12,1
DA:13,1
DA:14,1
DA:15,1
DA:16,1
DA:17,1
DA:20,1
DA:21,1
DA:22,1
DA:24,0
DA:27,1
DA:28,0
DA:29,0
LF:21
LH:18
BRDA:27,0,0,0
BRF:1
BRH:0
end_of_record
TN:
SF:controllers\AuthController.ts
FN:11,(anonymous_8)
FN:11,(anonymous_9)
FN:43,(anonymous_10)
FN:43,(anonymous_11)
FNF:4
FNH:0
FNDA:0,(anonymous_8)
FNDA:0,(anonymous_9)
FNDA:0,(anonymous_10)
FNDA:0,(anonymous_11)
DA:1,1
DA:2,1
DA:3,1
DA:5,1
DA:11,1
DA:12,0
DA:13,0
DA:14,0
DA:15,0
DA:16,0
DA:17,0
DA:18,0
DA:20,0
DA:30,0
DA:35,0
DA:38,0
DA:39,0
DA:43,1
DA:44,0
DA:46,0
DA:47,0
DA:48,0
DA:50,0
DA:51,0
DA:53,0
DA:59,0
DA:60,0
DA:62,0
DA:63,0
DA:67,0
DA:71,0
DA:74,0
LF:32
LH:6
BRDA:21,0,0,0
BRDA:21,0,1,0
BRDA:21,1,0,0
BRDA:21,1,1,0
BRDA:22,2,0,0
BRDA:22,2,1,0
BRDA:22,3,0,0
BRDA:22,3,1,0
BRDA:23,4,0,0
BRDA:23,4,1,0
BRDA:23,5,0,0
BRDA:23,5,1,0
BRDA:24,6,0,0
BRDA:24,6,1,0
BRDA:24,7,0,0
BRDA:24,7,1,0
BRDA:50,8,0,0
BRDA:54,9,0,0
BRDA:54,9,1,0
BRDA:54,10,0,0
BRDA:54,10,1,0
BRDA:55,11,0,0
BRDA:55,11,1,0
BRDA:55,12,0,0
BRDA:55,12,1,0
BRDA:56,13,0,0
BRDA:56,13,1,0
BRDA:56,14,0,0
BRDA:56,14,1,0
BRDA:57,15,0,0
BRDA:57,15,1,0
BRDA:57,16,0,0
BRDA:57,16,1,0
BRDA:59,17,0,0
BRDA:59,17,1,0
BRDA:59,18,0,0
BRDA:59,18,1,0
BRDA:62,19,0,0
BRF:38
BRH:0
end_of_record
TN:
SF:controllers\BookController.ts
FN:6,(anonymous_8)
FN:6,(anonymous_9)
FN:21,(anonymous_10)
FN:21,(anonymous_11)
FN:33,(anonymous_12)
FN:33,(anonymous_13)
FN:47,(anonymous_14)
FN:47,(anonymous_15)
FN:61,(anonymous_16)
FN:61,(anonymous_17)
FN:71,(anonymous_18)
FN:71,(anonymous_19)
FNF:12
FNH:0
FNDA:0,(anonymous_8)
FNDA:0,(anonymous_9)
FNDA:0,(anonymous_10)
FNDA:0,(anonymous_11)
FNDA:0,(anonymous_12)
FNDA:0,(anonymous_13)
FNDA:0,(anonymous_14)
FNDA:0,(anonymous_15)
FNDA:0,(anonymous_16)
FNDA:0,(anonymous_17)
FNDA:0,(anonymous_18)
FNDA:0,(anonymous_19)
DA:1,1
DA:3,1
DA:6,1
DA:7,0
DA:8,0
DA:9,0
DA:10,0
DA:11,0
DA:13,0
DA:15,0
DA:16,0
DA:21,1
DA:22,0
DA:23,0
DA:24,0
DA:25,0
DA:27,0
DA:29,0
DA:33,1
DA:34,0
DA:35,0
DA:36,0
DA:37,0
DA:39,0
DA:41,0
DA:42,0
DA:47,1
DA:48,0
DA:49,0
DA:50,0
DA:51,0
DA:52,0
DA:53,0
DA:55,0
DA:56,0
DA:61,1
DA:62,0
DA:63,0
DA:64,0
DA:66,0
DA:71,1
DA:72,0
DA:73,0
DA:74,0
DA:76,0
LF:45
LH:8
BRDA:10,0,0,0
BRDA:24,1,0,0
BRDA:36,2,0,0
BRF:3
BRH:0
end_of_record
TN:
SF:controllers\FileController.ts
FN:16,(anonymous_8)
FN:16,(anonymous_9)
FN:25,(anonymous_10)
FN:25,(anonymous_11)
FN:36,(anonymous_12)
FN:36,(anonymous_13)
FN:56,(anonymous_14)
FN:56,(anonymous_15)
FNF:8
FNH:0
FNDA:0,(anonymous_8)
FNDA:0,(anonymous_9)
FNDA:0,(anonymous_10)
FNDA:0,(anonymous_11)
FNDA:0,(anonymous_12)
FNDA:0,(anonymous_13)
FNDA:0,(anonymous_14)
FNDA:0,(anonymous_15)
DA:1,1
DA:2,1
DA:7,1
DA:14,1
DA:16,1
DA:17,0
DA:18,0
DA:19,0
DA:21,0
DA:25,1
DA:26,0
DA:28,0
DA:30,0
DA:32,0
DA:36,1
DA:37,0
DA:38,0
DA:39,0
DA:41,0
DA:46,0
DA:47,0
DA:48,0
DA:50,0
DA:51,0
DA:56,1
DA:58,0
DA:59,0
DA:60,0
DA:61,0
DA:62,0
DA:63,0
DA:65,0
DA:70,0
DA:72,0
DA:73,0
LF:35
LH:8
BRF:0
BRH:0
end_of_record
TN:
SF:controllers\UserController.ts
FN:6,(anonymous_8)
FN:10,(anonymous_10)
FN:18,(anonymous_12)
FN:25,(anonymous_14)
FNF:4
FNH:0
FNDA:0,(anonymous_8)
FNDA:0,(anonymous_10)
FNDA:0,(anonymous_12)
FNDA:0,(anonymous_14)
DA:2,1
DA:4,1
DA:7,0
DA:8,0
DA:11,0
DA:13,0
DA:14,0
DA:15,0
DA:19,0
DA:20,0
DA:21,0
DA:22,0
DA:26,0
DA:27,0
DA:28,0
DA:32,1
LF:16
LH:3
BRF:0
BRH:0
end_of_record
TN:
SF:database\db.ts
FNF:0
FNH:0
DA:1,1
DA:2,1
DA:3,1
DA:5,1
DA:13,1
LF:5
LH:5
BRDA:3,0,0,1
BRDA:3,0,1,0
BRF:2
BRH:1
end_of_record
TN:
SF:middleware\authMiddleware.ts
FN:6,(anonymous_8)
FN:6,(anonymous_9)
FNF:2
FNH:0
FNDA:0,(anonymous_8)
FNDA:0,(anonymous_9)
DA:1,1
DA:2,1
DA:3,1
DA:6,1
DA:7,0
DA:9,0
DA:10,0
DA:11,0
DA:14,0
DA:17,0
DA:18,0
DA:20,0
DA:21,0
DA:28,0
DA:29,0
DA:32,0
DA:35,0
LF:17
LH:4
BRDA:9,0,0,0
BRDA:20,1,0,0
BRF:2
BRH:0
end_of_record
TN:
SF:middleware\rolMiddleware.ts
FN:4,(anonymous_0)
FN:4,(anonymous_1)
FN:9,(anonymous_2)
FNF:3
FNH:1
FNDA:14,(anonymous_0)
FNDA:0,(anonymous_1)
FNDA:0,(anonymous_2)
DA:1,1
DA:4,14
DA:5,0
DA:6,0
DA:8,0
DA:9,0
DA:11,0
DA:12,0
DA:16,0
DA:18,0
LF:10
LH:2
BRDA:11,0,0,0
BRF:1
BRH:0
end_of_record
TN:
SF:models\BookModel.ts
FNF:0
FNH:0
DA:1,1
DA:2,1
DA:13,1
DA:76,1
LF:4
LH:4
BRF:0
BRH:0
end_of_record
TN:
SF:models\FileModel.ts
FNF:0
FNH:0
DA:1,1
DA:2,1
DA:8,1
DA:34,1
LF:4
LH:4
BRF:0
BRH:0
end_of_record
TN:
SF:models\UserModel.ts
FN:49,(anonymous_8)
FN:49,(anonymous_9)
FNF:2
FNH:2
FNDA:1,(anonymous_8)
FNDA:1,(anonymous_9)
DA:1,1
DA:2,1
DA:5,1
DA:49,1
DA:50,1
DA:51,0
DA:54,1
LF:7
LH:6
BRF:0
BRH:0
end_of_record
TN:
SF:routes\BookRouter.ts
FNF:0
FNH:0
DA:1,1
DA:2,1
DA:5,1
DA:6,1
DA:8,1
DA:12,1
DA:13,1
DA:14,1
DA:15,1
DA:16,1
DA:17,1
LF:11
LH:11
BRF:0
BRH:0
end_of_record
TN:
SF:routes\FileRouter.ts
FNF:0
FNH:0
DA:1,1
DA:2,1
DA:3,1
DA:5,1
DA:6,1
DA:8,1
DA:10,1
DA:11,1
DA:12,1
DA:13,1
LF:10
LH:10
BRF:0
BRH:0
end_of_record
TN:
SF:routes\UserRouter.ts
FNF:0
FNH:0
DA:1,1
DA:2,1
DA:3,1
DA:4,1
DA:5,1
DA:8,1
DA:10,1
DA:11,1
DA:13,1
DA:14,1
DA:15,1
DA:16,1
DA:18,1
LF:13
LH:13
BRF:0
BRH:0
end_of_record
TN:
SF:utils\HandleFile.ts
FN:5,(anonymous_1)
FN:9,(anonymous_2)
FNF:2
FNH:0
FNDA:0,(anonymous_1)
FNDA:0,(anonymous_2)
DA:1,1
DA:3,1
DA:6,0
DA:7,0
DA:10,0
DA:11,0
DA:12,0
DA:17,1
LF:8
LH:3
BRF:0
BRH:0
end_of_record
TN:
SF:utils\config.ts
FNF:0
FNH:0
DA:1,1
DA:3,1
DA:5,1
DA:6,1
DA:7,1
DA:8,1
DA:9,1
DA:10,1
DA:11,1
DA:12,1
LF:10
LH:10
BRDA:5,0,0,1
BRDA:5,0,1,0
BRF:2
BRH:1
end_of_record
TN:
SF:utils\handleError.ts
FN:3,(anonymous_0)
FNF:1
FNH:0
FNDA:0,(anonymous_0)
DA:3,1
DA:4,0
DA:5,0
LF:3
LH:1
BRDA:3,0,0,0
BRDA:3,1,0,0
BRF:2
BRH:0
end_of_record
TN:
SF:utils\handlePassword.ts
FN:4,(anonymous_8)
FN:4,(anonymous_9)
FN:10,(anonymous_10)
FN:10,(anonymous_11)
FNF:4
FNH:0
FNDA:0,(anonymous_8)
FNDA:0,(anonymous_9)
FNDA:0,(anonymous_10)
FNDA:0,(anonymous_11)
DA:1,1
DA:4,1
DA:5,0
DA:6,0
DA:10,1
DA:11,0
LF:6
LH:3
BRF:0
BRH:0
end_of_record
TN:
SF:utils\handlejwt.ts
FN:5,(anonymous_8)
FN:5,(anonymous_9)
FN:20,(anonymous_10)
FN:20,(anonymous_11)
FNF:4
FNH:0
FNDA:0,(anonymous_8)
FNDA:0,(anonymous_9)
FNDA:0,(anonymous_10)
FNDA:0,(anonymous_11)
DA:1,1
DA:2,1
DA:5,1
DA:6,0
DA:16,0
DA:20,1
DA:21,0
DA:22,0
DA:24,0
LF:9
LH:4
BRF:0
BRH:0
end_of_record
